[Info  - 10:06:43 AM] 8 files total
[Info  - 10:06:43 AM] Indexing project for definitions and static references
Parsing file:///var/www/html/designpattern1/proxypattern.php
Parsing file:///var/www/html/designpattern1/observerpattern.php
Parsing file:///var/www/html/designpattern1/singletonpattern.php
Parsing file:///var/www/html/designpattern1/facadepattern.php
Parsing file:///var/www/html/designpattern1/prototypepattern.php
Parsing file:///var/www/html/designpattern1/visitorpattern.php
Parsing file:///var/www/html/designpattern1/factorypattern.php
Parsing file:///var/www/html/designpattern1/adapterpattern.php
[Info  - 10:06:43 AM] Indexing project for dynamic references
Parsing file:///var/www/html/designpattern1/observerpattern.php
Parsing file:///var/www/html/designpattern1/singletonpattern.php
Parsing file:///var/www/html/designpattern1/facadepattern.php
Parsing file:///var/www/html/designpattern1/prototypepattern.php
Parsing file:///var/www/html/designpattern1/visitorpattern.php
Parsing file:///var/www/html/designpattern1/factorypattern.php
Parsing file:///var/www/html/designpattern1/adapterpattern.php
[Info  - 10:06:44 AM] 0 Packages
[Info  - 10:06:44 AM] All 8 PHP files parsed in 0 seconds. 140 MiB allocated.
