[2018-09-25 09:27:34.609] [exthost1] [info] extension host started
[2018-09-25 09:27:34.627] [exthost1] [info] ExtensionService#_doActivateExtension vscode.debug-auto-launch {"startup":true,"activationEvent":"*"}
[2018-09-25 09:27:34.627] [exthost1] [info] ExtensionService#loadCommonJSModule /usr/share/code/resources/app/extensions/debug-auto-launch/out/extension
[2018-09-25 09:27:34.635] [exthost1] [info] ExtensionService#_doActivateExtension vscode.emmet {"startup":true,"activationEvent":"*"}
[2018-09-25 09:27:34.635] [exthost1] [info] ExtensionService#loadCommonJSModule /usr/share/code/resources/app/extensions/emmet/dist/extension
[2018-09-25 09:27:34.675] [exthost1] [info] ExtensionService#_doActivateExtension vscode.git {"startup":true,"activationEvent":"*"}
[2018-09-25 09:27:34.675] [exthost1] [info] ExtensionService#loadCommonJSModule /usr/share/code/resources/app/extensions/git/dist/main
[2018-09-25 09:27:34.823] [exthost1] [info] ExtensionService#_doActivateExtension vscode.merge-conflict {"startup":true,"activationEvent":"*"}
[2018-09-25 09:27:34.823] [exthost1] [info] ExtensionService#loadCommonJSModule /usr/share/code/resources/app/extensions/merge-conflict/out/extension
[2018-09-25 09:27:34.832] [exthost1] [info] ExtensionService#_doActivateExtension vscode.search-rg {"startup":true,"activationEvent":"*"}
[2018-09-25 09:27:34.832] [exthost1] [info] ExtensionService#loadCommonJSModule /usr/share/code/resources/app/extensions/search-rg/out/extension
[2018-09-25 09:27:34.837] [exthost1] [info] ExtensionService#_doActivateExtension oneofone.save-runner {"startup":true,"activationEvent":"*"}
[2018-09-25 09:27:34.837] [exthost1] [info] ExtensionService#loadCommonJSModule /home/bridgeit/.vscode/extensions/oneofone.save-runner-1.2.2/out/extension
[2018-09-25 09:27:34.855] [exthost1] [info] ExtensionService#_doActivateExtension Sophisticode.php-formatter {"startup":true,"activationEvent":"*"}
[2018-09-25 09:27:34.855] [exthost1] [info] ExtensionService#loadCommonJSModule /home/bridgeit/.vscode/extensions/sophisticode.php-formatter-0.2.4/out/extension
[2018-09-25 09:27:34.860] [exthost1] [info] eager extensions activated
[2018-09-25 09:27:48.563] [exthost1] [info] extension host started
[2018-09-25 09:27:48.585] [exthost1] [info] ExtensionService#_doActivateExtension vscode.debug-auto-launch {"startup":true,"activationEvent":"*"}
[2018-09-25 09:27:48.585] [exthost1] [info] ExtensionService#loadCommonJSModule /usr/share/code/resources/app/extensions/debug-auto-launch/out/extension
[2018-09-25 09:27:48.591] [exthost1] [info] ExtensionService#_doActivateExtension vscode.emmet {"startup":true,"activationEvent":"*"}
[2018-09-25 09:27:48.591] [exthost1] [info] ExtensionService#loadCommonJSModule /usr/share/code/resources/app/extensions/emmet/dist/extension
[2018-09-25 09:27:48.626] [exthost1] [info] ExtensionService#_doActivateExtension vscode.git {"startup":true,"activationEvent":"*"}
[2018-09-25 09:27:48.626] [exthost1] [info] ExtensionService#loadCommonJSModule /usr/share/code/resources/app/extensions/git/dist/main
[2018-09-25 09:27:48.767] [exthost1] [info] ExtensionService#_doActivateExtension vscode.merge-conflict {"startup":true,"activationEvent":"*"}
[2018-09-25 09:27:48.767] [exthost1] [info] ExtensionService#loadCommonJSModule /usr/share/code/resources/app/extensions/merge-conflict/out/extension
[2018-09-25 09:27:48.776] [exthost1] [info] ExtensionService#_doActivateExtension vscode.search-rg {"startup":true,"activationEvent":"*"}
[2018-09-25 09:27:48.776] [exthost1] [info] ExtensionService#loadCommonJSModule /usr/share/code/resources/app/extensions/search-rg/out/extension
[2018-09-25 09:27:48.781] [exthost1] [info] ExtensionService#_doActivateExtension oneofone.save-runner {"startup":true,"activationEvent":"*"}
[2018-09-25 09:27:48.781] [exthost1] [info] ExtensionService#loadCommonJSModule /home/bridgeit/.vscode/extensions/oneofone.save-runner-1.2.2/out/extension
[2018-09-25 09:27:48.798] [exthost1] [info] ExtensionService#_doActivateExtension Sophisticode.php-formatter {"startup":true,"activationEvent":"*"}
[2018-09-25 09:27:48.798] [exthost1] [info] ExtensionService#loadCommonJSModule /home/bridgeit/.vscode/extensions/sophisticode.php-formatter-0.2.4/out/extension
[2018-09-25 09:27:49.080] [exthost1] [info] ExtensionService#_doActivateExtension bmewburn.vscode-intelephense-client {"startup":true,"activationEvent":"workspaceContains:**/*.php"}
[2018-09-25 09:27:49.080] [exthost1] [info] ExtensionService#loadCommonJSModule /home/bridgeit/.vscode/extensions/bmewburn.vscode-intelephense-client-0.8.8/out/src/extension
[2018-09-25 09:27:49.155] [exthost1] [info] ExtensionService#_doActivateExtension felixfbecker.php-intellisense {"startup":true,"activationEvent":"workspaceContains:**/*.php"}
[2018-09-25 09:27:49.155] [exthost1] [info] ExtensionService#loadCommonJSModule /home/bridgeit/.vscode/extensions/felixfbecker.php-intellisense-2.3.5/out/extension
[2018-09-25 09:27:49.207] [exthost1] [info] eager extensions activated
[2018-09-25 09:27:51.460] [exthost1] [info] ExtensionService#_doActivateExtension vscode.php-language-features {"startup":false,"activationEvent":"onLanguage:php"}
[2018-09-25 09:27:51.460] [exthost1] [info] ExtensionService#loadCommonJSModule /usr/share/code/resources/app/extensions/php-language-features/out/phpMain
[2018-09-25 09:27:51.483] [exthost1] [info] ExtensionService#_doActivateExtension ikappas.phpcs {"startup":false,"activationEvent":"onLanguage:php"}
[2018-09-25 09:27:51.483] [exthost1] [info] ExtensionService#loadCommonJSModule /home/bridgeit/.vscode/extensions/ikappas.phpcs-1.0.5/out/src/extension
[2018-09-25 09:27:51.538] [exthost1] [info] ExtensionService#_doActivateExtension kokororin.vscode-phpfmt {"startup":false,"activationEvent":"onLanguage:php"}
[2018-09-25 09:27:51.538] [exthost1] [info] ExtensionService#loadCommonJSModule /home/bridgeit/.vscode/extensions/kokororin.vscode-phpfmt-1.0.30/out/src/extension
[2018-09-25 09:27:51.545] [exthost1] [info] ExtensionService#_doActivateExtension MehediDracula.php-constructor {"startup":false,"activationEvent":"onLanguage:php"}
[2018-09-25 09:27:51.545] [exthost1] [info] ExtensionService#loadCommonJSModule /home/bridgeit/.vscode/extensions/mehedidracula.php-constructor-0.0.10/src/extension
[2018-09-25 12:41:01.843] [exthost1] [info] ExtensionService#_doActivateExtension vscode.html-language-features {"startup":false,"activationEvent":"onLanguage:html"}
[2018-09-25 12:41:01.843] [exthost1] [info] ExtensionService#loadCommonJSModule /usr/share/code/resources/app/extensions/html-language-features/client/dist/htmlMain
