[2018-10-05 09:28:20.281] [sharedprocess] [info] main {"machineId":"d20dc33b7240960611373d2ff308162aeedd62423c946bab325367b3b28d7678"}
[2018-10-05 09:28:20.771] [sharedprocess] [info] Scanned user extensions: 10
[2018-10-05 09:28:20.839] [sharedprocess] [info] Scanned user extensions: 10
[2018-10-05 09:28:20.842] [sharedprocess] [info] Scanned user extensions: 10
[2018-10-05 09:28:21.602] [sharedprocess] [info] Deleted from disk ms-vscode.go-0.6.89
[2018-10-05 09:28:21.727] [sharedprocess] [info] Scanned system extensions: 71
[2018-10-05 09:28:21.731] [sharedprocess] [info] Scanned system extensions: 71
[2018-10-05 09:28:22.100] [sharedprocess] [info] Scanned user extensions: 10
[2018-10-05 09:29:00.286] [sharedprocess] [info] Starting to clean up unused language packs.
[2018-10-05 09:33:22.129] [sharedprocess] [info] Scanned user extensions: 10
[2018-10-05 09:38:22.146] [sharedprocess] [info] Scanned user extensions: 10
[2018-10-05 09:43:22.162] [sharedprocess] [info] Scanned user extensions: 10
[2018-10-05 09:48:22.180] [sharedprocess] [info] Scanned user extensions: 10
[2018-10-05 09:53:22.195] [sharedprocess] [info] Scanned user extensions: 10
[2018-10-05 09:58:22.209] [sharedprocess] [info] Scanned user extensions: 10
[2018-10-05 10:03:22.224] [sharedprocess] [info] Scanned user extensions: 10
[2018-10-05 10:08:22.239] [sharedprocess] [info] Scanned user extensions: 10
[2018-10-05 10:13:22.253] [sharedprocess] [info] Scanned user extensions: 10
[2018-10-05 10:18:22.265] [sharedprocess] [info] Scanned user extensions: 10
[2018-10-05 10:23:22.277] [sharedprocess] [info] Scanned user extensions: 10
[2018-10-05 10:28:22.338] [sharedprocess] [info] Scanned user extensions: 10
[2018-10-05 10:33:22.352] [sharedprocess] [info] Scanned user extensions: 10
[2018-10-05 10:38:22.366] [sharedprocess] [info] Scanned user extensions: 10
[2018-10-05 10:43:22.381] [sharedprocess] [info] Scanned user extensions: 10
[2018-10-05 10:48:22.395] [sharedprocess] [info] Scanned user extensions: 10
[2018-10-05 10:53:22.409] [sharedprocess] [info] Scanned user extensions: 10
[2018-10-05 10:58:22.428] [sharedprocess] [info] Scanned user extensions: 10
[2018-10-05 11:03:22.444] [sharedprocess] [info] Scanned user extensions: 10
[2018-10-05 11:08:22.460] [sharedprocess] [info] Scanned user extensions: 10
[2018-10-05 11:13:22.476] [sharedprocess] [info] Scanned user extensions: 10
[2018-10-05 11:18:22.492] [sharedprocess] [info] Scanned user extensions: 10
[2018-10-05 11:23:22.508] [sharedprocess] [info] Scanned user extensions: 10
[2018-10-05 11:28:22.552] [sharedprocess] [info] Scanned user extensions: 10
[2018-10-05 11:33:22.569] [sharedprocess] [info] Scanned user extensions: 10
[2018-10-05 11:38:22.585] [sharedprocess] [info] Scanned user extensions: 10
[2018-10-05 11:43:22.600] [sharedprocess] [info] Scanned user extensions: 10
[2018-10-05 11:45:25.890] [sharedprocess] [info] Scanned user extensions: 10
[2018-10-05 11:45:25.976] [sharedprocess] [info] Scanned user extensions: 10
[2018-10-05 11:45:25.982] [sharedprocess] [info] Scanned user extensions: 10
[2018-10-05 11:45:25.989] [sharedprocess] [info] Scanned user extensions: 10
[2018-10-05 11:45:26.046] [sharedprocess] [info] Scanned system extensions: 71
[2018-10-05 11:45:26.049] [sharedprocess] [info] Scanned system extensions: 71
[2018-10-05 11:45:26.051] [sharedprocess] [info] Scanned system extensions: 71
[2018-10-05 11:48:22.620] [sharedprocess] [info] Scanned user extensions: 10
[2018-10-05 11:53:22.635] [sharedprocess] [info] Scanned user extensions: 10
[2018-10-05 11:58:22.654] [sharedprocess] [info] Scanned user extensions: 10
[2018-10-05 12:03:22.672] [sharedprocess] [info] Scanned user extensions: 10
[2018-10-05 12:08:22.688] [sharedprocess] [info] Scanned user extensions: 10
[2018-10-05 12:13:22.705] [sharedprocess] [info] Scanned user extensions: 10
[2018-10-05 12:18:22.723] [sharedprocess] [info] Scanned user extensions: 10
[2018-10-05 12:23:22.740] [sharedprocess] [info] Scanned user extensions: 10
[2018-10-05 12:28:22.849] [sharedprocess] [info] Scanned user extensions: 10
[2018-10-05 12:33:22.868] [sharedprocess] [info] Scanned user extensions: 10
[2018-10-05 12:38:22.884] [sharedprocess] [info] Scanned user extensions: 10
[2018-10-05 12:43:22.901] [sharedprocess] [info] Scanned user extensions: 10
[2018-10-05 12:48:22.916] [sharedprocess] [info] Scanned user extensions: 10
[2018-10-05 12:53:22.932] [sharedprocess] [info] Scanned user extensions: 10
[2018-10-05 12:58:22.946] [sharedprocess] [info] Scanned user extensions: 10
[2018-10-05 13:03:22.963] [sharedprocess] [info] Scanned user extensions: 10
[2018-10-05 13:08:22.980] [sharedprocess] [info] Scanned user extensions: 10
[2018-10-05 13:13:22.996] [sharedprocess] [info] Scanned user extensions: 10
[2018-10-05 13:18:23.014] [sharedprocess] [info] Scanned user extensions: 10
[2018-10-05 13:23:23.032] [sharedprocess] [info] Scanned user extensions: 10
[2018-10-05 13:28:23.074] [sharedprocess] [info] Scanned user extensions: 10
[2018-10-05 13:33:23.091] [sharedprocess] [info] Scanned user extensions: 10
[2018-10-05 13:38:23.108] [sharedprocess] [info] Scanned user extensions: 10
[2018-10-05 13:43:23.124] [sharedprocess] [info] Scanned user extensions: 10
[2018-10-05 13:48:23.140] [sharedprocess] [info] Scanned user extensions: 10
[2018-10-05 13:53:23.156] [sharedprocess] [info] Scanned user extensions: 10
[2018-10-05 13:58:23.173] [sharedprocess] [info] Scanned user extensions: 10
[2018-10-05 14:03:23.190] [sharedprocess] [info] Scanned user extensions: 10
[2018-10-05 14:08:23.207] [sharedprocess] [info] Scanned user extensions: 10
[2018-10-05 14:13:23.222] [sharedprocess] [info] Scanned user extensions: 10
[2018-10-05 14:18:23.239] [sharedprocess] [info] Scanned user extensions: 10
[2018-10-05 14:23:23.256] [sharedprocess] [info] Scanned user extensions: 10
[2018-10-05 14:28:23.310] [sharedprocess] [info] Scanned user extensions: 10
[2018-10-05 14:33:23.327] [sharedprocess] [info] Scanned user extensions: 10
[2018-10-05 14:38:23.342] [sharedprocess] [info] Scanned user extensions: 10
[2018-10-05 14:43:23.358] [sharedprocess] [info] Scanned user extensions: 10
[2018-10-05 14:48:23.375] [sharedprocess] [info] Scanned user extensions: 10
[2018-10-05 14:53:23.392] [sharedprocess] [info] Scanned user extensions: 10
[2018-10-05 14:58:23.410] [sharedprocess] [info] Scanned user extensions: 10
[2018-10-05 15:03:23.423] [sharedprocess] [info] Scanned user extensions: 10
[2018-10-05 15:08:23.440] [sharedprocess] [info] Scanned user extensions: 10
[2018-10-05 15:13:23.459] [sharedprocess] [info] Scanned user extensions: 10
[2018-10-05 15:18:23.475] [sharedprocess] [info] Scanned user extensions: 10
[2018-10-05 15:23:23.492] [sharedprocess] [info] Scanned user extensions: 10
[2018-10-05 15:28:23.534] [sharedprocess] [info] Scanned user extensions: 10
[2018-10-05 15:33:23.553] [sharedprocess] [info] Scanned user extensions: 10
[2018-10-05 15:38:23.570] [sharedprocess] [info] Scanned user extensions: 10
[2018-10-05 15:43:23.585] [sharedprocess] [info] Scanned user extensions: 10
[2018-10-05 15:48:23.601] [sharedprocess] [info] Scanned user extensions: 10
[2018-10-05 15:53:23.617] [sharedprocess] [info] Scanned user extensions: 10
[2018-10-05 15:58:23.634] [sharedprocess] [info] Scanned user extensions: 10
[2018-10-05 16:03:23.652] [sharedprocess] [info] Scanned user extensions: 10
[2018-10-05 16:08:23.670] [sharedprocess] [info] Scanned user extensions: 10
[2018-10-05 16:13:23.680] [sharedprocess] [info] Scanned user extensions: 10
[2018-10-05 16:18:23.695] [sharedprocess] [info] Scanned user extensions: 10
