[2018-10-04 09:22:17.688] [sharedprocess] [info] main {"machineId":"d20dc33b7240960611373d2ff308162aeedd62423c946bab325367b3b28d7678"}
[2018-10-04 09:22:17.739] [sharedprocess] [info] Scanned user extensions: 10
[2018-10-04 09:22:17.773] [sharedprocess] [info] Scanned user extensions: 10
[2018-10-04 09:22:17.778] [sharedprocess] [info] Scanned user extensions: 10
[2018-10-04 09:22:17.780] [sharedprocess] [info] Scanned user extensions: 10
[2018-10-04 09:22:17.832] [sharedprocess] [info] Scanned system extensions: 71
[2018-10-04 09:22:17.837] [sharedprocess] [info] Scanned system extensions: 71
[2018-10-04 09:22:17.839] [sharedprocess] [info] Scanned system extensions: 71
[2018-10-04 09:22:19.477] [sharedprocess] [info] Scanned user extensions: 10
[2018-10-04 09:22:21.039] [sharedprocess] [info] Installing extension: Go
[2018-10-04 09:22:21.047] [sharedprocess] [info] Scanned user extensions: 10
[2018-10-04 09:22:22.887] [sharedprocess] [info] Downloaded extension: Go /tmp/cd2d02bb-3c95-4697-a42c-e593c16563a9
[2018-10-04 09:22:24.139] [sharedprocess] [info] Extracted extension to /home/bridgeit/.vscode/extensions/.ms-vscode.go-0.6.90: ms-vscode.go-0.6.90
[2018-10-04 09:22:24.139] [sharedprocess] [info] Renamed to /home/bridgeit/.vscode/extensions/ms-vscode.go-0.6.90
[2018-10-04 09:22:24.139] [sharedprocess] [info] Installation completed. ms-vscode.go-0.6.90
[2018-10-04 09:22:24.190] [sharedprocess] [info] Extensions installed successfully: ms-vscode.go
[2018-10-04 09:22:24.313] [sharedprocess] [info] Scanned user extensions: 10
[2018-10-04 09:22:24.331] [sharedprocess] [info] Scanned system extensions: 71
[2018-10-04 09:22:32.620] [sharedprocess] [info] Scanned user extensions: 10
[2018-10-04 09:22:32.624] [sharedprocess] [info] Scanned user extensions: 10
[2018-10-04 09:22:32.629] [sharedprocess] [info] Scanned user extensions: 10
[2018-10-04 09:22:32.667] [sharedprocess] [info] Scanned system extensions: 71
[2018-10-04 09:22:32.670] [sharedprocess] [info] Scanned system extensions: 71
[2018-10-04 09:22:35.210] [sharedprocess] [info] Scanned user extensions: 10
[2018-10-04 09:22:46.318] [sharedprocess] [info] Scanned user extensions: 10
[2018-10-04 09:22:46.397] [sharedprocess] [info] Scanned user extensions: 10
[2018-10-04 09:22:46.401] [sharedprocess] [info] Scanned user extensions: 10
[2018-10-04 09:22:46.403] [sharedprocess] [info] Scanned user extensions: 10
[2018-10-04 09:22:46.446] [sharedprocess] [info] Scanned system extensions: 71
[2018-10-04 09:22:46.449] [sharedprocess] [info] Scanned system extensions: 71
[2018-10-04 09:22:46.451] [sharedprocess] [info] Scanned system extensions: 71
[2018-10-04 09:22:57.692] [sharedprocess] [info] Starting to clean up unused language packs.
[2018-10-04 09:27:35.238] [sharedprocess] [info] Scanned user extensions: 10
[2018-10-04 09:32:35.259] [sharedprocess] [info] Scanned user extensions: 10
[2018-10-04 09:37:35.278] [sharedprocess] [info] Scanned user extensions: 10
[2018-10-04 09:42:35.295] [sharedprocess] [info] Scanned user extensions: 10
[2018-10-04 09:47:35.314] [sharedprocess] [info] Scanned user extensions: 10
[2018-10-04 09:52:35.333] [sharedprocess] [info] Scanned user extensions: 10
[2018-10-04 09:57:35.352] [sharedprocess] [info] Scanned user extensions: 10
[2018-10-04 10:02:35.370] [sharedprocess] [info] Scanned user extensions: 10
[2018-10-04 10:07:35.390] [sharedprocess] [info] Scanned user extensions: 10
[2018-10-04 10:12:35.409] [sharedprocess] [info] Scanned user extensions: 10
[2018-10-04 10:17:35.427] [sharedprocess] [info] Scanned user extensions: 10
[2018-10-04 10:22:35.477] [sharedprocess] [info] Scanned user extensions: 10
[2018-10-04 10:27:35.493] [sharedprocess] [info] Scanned user extensions: 10
[2018-10-04 10:32:35.512] [sharedprocess] [info] Scanned user extensions: 10
[2018-10-04 10:37:35.532] [sharedprocess] [info] Scanned user extensions: 10
[2018-10-04 10:42:35.549] [sharedprocess] [info] Scanned user extensions: 10
[2018-10-04 10:47:35.566] [sharedprocess] [info] Scanned user extensions: 10
[2018-10-04 10:52:35.586] [sharedprocess] [info] Scanned user extensions: 10
[2018-10-04 10:57:35.605] [sharedprocess] [info] Scanned user extensions: 10
[2018-10-04 11:02:35.624] [sharedprocess] [info] Scanned user extensions: 10
[2018-10-04 11:07:35.642] [sharedprocess] [info] Scanned user extensions: 10
[2018-10-04 11:12:35.663] [sharedprocess] [info] Scanned user extensions: 10
[2018-10-04 11:17:35.682] [sharedprocess] [info] Scanned user extensions: 10
[2018-10-04 11:22:35.722] [sharedprocess] [info] Scanned user extensions: 10
[2018-10-04 11:27:35.740] [sharedprocess] [info] Scanned user extensions: 10
[2018-10-04 11:32:35.757] [sharedprocess] [info] Scanned user extensions: 10
[2018-10-04 11:37:35.774] [sharedprocess] [info] Scanned user extensions: 10
[2018-10-04 11:42:35.791] [sharedprocess] [info] Scanned user extensions: 10
[2018-10-04 11:47:35.809] [sharedprocess] [info] Scanned user extensions: 10
[2018-10-04 11:52:35.826] [sharedprocess] [info] Scanned user extensions: 10
[2018-10-04 11:57:35.844] [sharedprocess] [info] Scanned user extensions: 10
[2018-10-04 12:02:35.865] [sharedprocess] [info] Scanned user extensions: 10
[2018-10-04 12:07:35.883] [sharedprocess] [info] Scanned user extensions: 10
[2018-10-04 12:12:35.901] [sharedprocess] [info] Scanned user extensions: 10
[2018-10-04 12:17:35.920] [sharedprocess] [info] Scanned user extensions: 10
[2018-10-04 12:22:35.969] [sharedprocess] [info] Scanned user extensions: 10
[2018-10-04 12:27:35.985] [sharedprocess] [info] Scanned user extensions: 10
[2018-10-04 12:32:36.002] [sharedprocess] [info] Scanned user extensions: 10
[2018-10-04 12:37:36.020] [sharedprocess] [info] Scanned user extensions: 10
[2018-10-04 12:42:36.040] [sharedprocess] [info] Scanned user extensions: 10
[2018-10-04 12:47:36.055] [sharedprocess] [info] Scanned user extensions: 10
[2018-10-04 12:52:36.071] [sharedprocess] [info] Scanned user extensions: 10
[2018-10-04 12:57:36.087] [sharedprocess] [info] Scanned user extensions: 10
[2018-10-04 13:02:36.104] [sharedprocess] [info] Scanned user extensions: 10
[2018-10-04 13:07:36.121] [sharedprocess] [info] Scanned user extensions: 10
[2018-10-04 13:12:36.139] [sharedprocess] [info] Scanned user extensions: 10
[2018-10-04 13:17:36.156] [sharedprocess] [info] Scanned user extensions: 10
[2018-10-04 13:22:36.197] [sharedprocess] [info] Scanned user extensions: 10
[2018-10-04 13:27:36.214] [sharedprocess] [info] Scanned user extensions: 10
[2018-10-04 14:26:13.313] [sharedprocess] [info] Scanned user extensions: 10
[2018-10-04 14:31:13.330] [sharedprocess] [info] Scanned user extensions: 10
[2018-10-04 14:36:13.348] [sharedprocess] [info] Scanned user extensions: 10
[2018-10-04 14:41:13.366] [sharedprocess] [info] Scanned user extensions: 10
[2018-10-04 14:46:13.382] [sharedprocess] [info] Scanned user extensions: 10
[2018-10-04 14:51:13.401] [sharedprocess] [info] Scanned user extensions: 10
[2018-10-04 14:56:13.421] [sharedprocess] [info] Scanned user extensions: 10
[2018-10-04 15:01:13.439] [sharedprocess] [info] Scanned user extensions: 10
[2018-10-04 15:06:13.457] [sharedprocess] [info] Scanned user extensions: 10
[2018-10-04 15:11:13.474] [sharedprocess] [info] Scanned user extensions: 10
[2018-10-04 15:16:13.492] [sharedprocess] [info] Scanned user extensions: 10
[2018-10-04 15:21:13.509] [sharedprocess] [info] Scanned user extensions: 10
[2018-10-04 15:26:13.553] [sharedprocess] [info] Scanned user extensions: 10
[2018-10-04 15:31:13.570] [sharedprocess] [info] Scanned user extensions: 10
[2018-10-04 15:36:13.586] [sharedprocess] [info] Scanned user extensions: 10
[2018-10-04 15:41:13.601] [sharedprocess] [info] Scanned user extensions: 10
[2018-10-04 15:46:13.619] [sharedprocess] [info] Scanned user extensions: 10
[2018-10-04 15:51:13.638] [sharedprocess] [info] Scanned user extensions: 10
[2018-10-04 15:56:13.655] [sharedprocess] [info] Scanned user extensions: 10
[2018-10-04 16:01:13.672] [sharedprocess] [info] Scanned user extensions: 10
[2018-10-04 16:06:13.690] [sharedprocess] [info] Scanned user extensions: 10
[2018-10-04 16:11:13.720] [sharedprocess] [info] Scanned user extensions: 10
[2018-10-04 16:16:13.738] [sharedprocess] [info] Scanned user extensions: 10
[2018-10-04 16:21:13.756] [sharedprocess] [info] Scanned user extensions: 10
[2018-10-04 16:26:13.799] [sharedprocess] [info] Scanned user extensions: 10
[2018-10-04 16:31:13.813] [sharedprocess] [info] Scanned user extensions: 10
[2018-10-04 16:36:13.832] [sharedprocess] [info] Scanned user extensions: 10
[2018-10-04 16:41:13.851] [sharedprocess] [info] Scanned user extensions: 10
[2018-10-04 16:46:13.870] [sharedprocess] [info] Scanned user extensions: 10
[2018-10-04 16:51:13.886] [sharedprocess] [info] Scanned user extensions: 10
[2018-10-04 16:56:13.902] [sharedprocess] [info] Scanned user extensions: 10
[2018-10-04 17:01:13.919] [sharedprocess] [info] Scanned user extensions: 10
[2018-10-04 17:06:13.935] [sharedprocess] [info] Scanned user extensions: 10
[2018-10-04 17:11:13.951] [sharedprocess] [info] Scanned user extensions: 10
[2018-10-04 17:16:13.968] [sharedprocess] [info] Scanned user extensions: 10
[2018-10-04 17:21:13.986] [sharedprocess] [info] Scanned user extensions: 10
[2018-10-04 17:26:14.028] [sharedprocess] [info] Scanned user extensions: 10
[2018-10-04 17:31:14.046] [sharedprocess] [info] Scanned user extensions: 10
[2018-10-04 17:36:14.067] [sharedprocess] [info] Scanned user extensions: 10
[2018-10-04 17:41:14.086] [sharedprocess] [info] Scanned user extensions: 10
[2018-10-04 17:46:14.105] [sharedprocess] [info] Scanned user extensions: 10
[2018-10-04 17:51:14.125] [sharedprocess] [info] Scanned user extensions: 10
[2018-10-04 17:56:14.150] [sharedprocess] [info] Scanned user extensions: 10
[2018-10-04 18:01:14.166] [sharedprocess] [info] Scanned user extensions: 10
[2018-10-04 18:06:14.183] [sharedprocess] [info] Scanned user extensions: 10
[2018-10-04 18:11:14.202] [sharedprocess] [info] Scanned user extensions: 10
[2018-10-04 18:16:14.218] [sharedprocess] [info] Scanned user extensions: 10
[2018-10-04 18:21:14.237] [sharedprocess] [info] Scanned user extensions: 10
[2018-10-04 18:26:14.282] [sharedprocess] [info] Scanned user extensions: 10
[2018-10-04 18:31:14.300] [sharedprocess] [info] Scanned user extensions: 10
[2018-10-04 18:36:14.318] [sharedprocess] [info] Scanned user extensions: 10
[2018-10-04 18:36:22.809] [sharedprocess] [info] Scanned user extensions: 10
[2018-10-04 18:36:22.815] [sharedprocess] [info] Scanned user extensions: 10
[2018-10-04 18:36:22.820] [sharedprocess] [info] Scanned user extensions: 10
[2018-10-04 18:36:22.872] [sharedprocess] [info] Scanned system extensions: 71
[2018-10-04 18:36:22.875] [sharedprocess] [info] Scanned system extensions: 71
[2018-10-04 18:36:25.403] [sharedprocess] [info] Scanned user extensions: 10
[2018-10-04 18:41:25.431] [sharedprocess] [info] Scanned user extensions: 10
[2018-10-04 18:46:25.451] [sharedprocess] [info] Scanned user extensions: 10
[2018-10-04 18:51:25.470] [sharedprocess] [info] Scanned user extensions: 10
[2018-10-04 18:56:25.487] [sharedprocess] [info] Scanned user extensions: 10
[2018-10-04 19:01:25.504] [sharedprocess] [info] Scanned user extensions: 10
[2018-10-04 19:06:25.521] [sharedprocess] [info] Scanned user extensions: 10
[2018-10-04 19:11:25.537] [sharedprocess] [info] Scanned user extensions: 10
